This is pdfTeX, Version 3.141592653-2.6-1.40.26 (TeX Live 2024) (preloaded format=pdflatex 2025.1.17)  18 JAN 2025 05:52
entering extended mode
 \write18 enabled.
 file:line:error style messages enabled.
 %&-line parsing enabled.
**c:/Users/CHL/OneDrive/Desktop/inf/lab/lab6/2
(c:/Users/CHL/OneDrive/Desktop/inf/lab/lab6/2.tex
LaTeX2e <2023-11-01> patch level 1
L3 programming layer <2024-02-20>
(c:/texlive/2024/texmf-dist/tex/latex/base/article.cls
Document Class: article 2023/05/17 v1.4n Standard LaTeX document class
(c:/texlive/2024/texmf-dist/tex/latex/base/size10.clo
File: size10.clo 2023/05/17 v1.4n Standard LaTeX file (size option)
)
\c@part=\count188
\c@section=\count189
\c@subsection=\count190
\c@subsubsection=\count191
\c@paragraph=\count192
\c@subparagraph=\count193
\c@figure=\count194
\c@table=\count195
\abovecaptionskip=\skip48
\belowcaptionskip=\skip49
\bibindent=\dimen140
) (c:/texlive/2024/texmf-dist/tex/latex/amsmath/amsmath.sty
Package: amsmath 2023/05/13 v2.17o AMS math features
\@mathmargin=\skip50

For additional information on amsmath, use the `?' option.
(c:/texlive/2024/texmf-dist/tex/latex/amsmath/amstext.sty
Package: amstext 2021/08/26 v2.01 AMS text
 (c:/texlive/2024/texmf-dist/tex/latex/amsmath/amsgen.sty
File: amsgen.sty 1999/11/30 v2.0 generic functions
\@emptytoks=\toks17
\ex@=\dimen141
)) (c:/texlive/2024/texmf-dist/tex/latex/amsmath/amsbsy.sty
Package: amsbsy 1999/11/29 v1.2d Bold Symbols
\pmbraise@=\dimen142
) (c:/texlive/2024/texmf-dist/tex/latex/amsmath/amsopn.sty
Package: amsopn 2022/04/08 v2.04 operator names
)
\inf@bad=\count196
LaTeX Info: Redefining \frac on input line 234.
\uproot@=\count197
\leftroot@=\count198
LaTeX Info: Redefining \overline on input line 399.
LaTeX Info: Redefining \colon on input line 410.
\classnum@=\count199
\DOTSCASE@=\count266
LaTeX Info: Redefining \ldots on input line 496.
LaTeX Info: Redefining \dots on input line 499.
LaTeX Info: Redefining \cdots on input line 620.
\Mathstrutbox@=\box51
\strutbox@=\box52
LaTeX Info: Redefining \big on input line 722.
LaTeX Info: Redefining \Big on input line 723.
LaTeX Info: Redefining \bigg on input line 724.
LaTeX Info: Redefining \Bigg on input line 725.
\big@size=\dimen143
LaTeX Font Info:    Redeclaring font encoding OML on input line 743.
LaTeX Font Info:    Redeclaring font encoding OMS on input line 744.
\macc@depth=\count267
LaTeX Info: Redefining \bmod on input line 905.
LaTeX Info: Redefining \pmod on input line 910.
LaTeX Info: Redefining \smash on input line 940.
LaTeX Info: Redefining \relbar on input line 970.
LaTeX Info: Redefining \Relbar on input line 971.
\c@MaxMatrixCols=\count268
\dotsspace@=\muskip16
\c@parentequation=\count269
\dspbrk@lvl=\count270
\tag@help=\toks18
\row@=\count271
\column@=\count272
\maxfields@=\count273
\andhelp@=\toks19
\eqnshift@=\dimen144
\alignsep@=\dimen145
\tagshift@=\dimen146
\tagwidth@=\dimen147
\totwidth@=\dimen148
\lineht@=\dimen149
\@envbody=\toks20
\multlinegap=\skip51
\multlinetaggap=\skip52
\mathdisplay@stack=\toks21
LaTeX Info: Redefining \[ on input line 2953.
LaTeX Info: Redefining \] on input line 2954.
) (c:/texlive/2024/texmf-dist/tex/latex/pgf/frontendlayer/tikz.sty (c:/texlive/2024/texmf-dist/tex/latex/pgf/basiclayer/pgf.sty (c:/texlive/2024/texmf-dist/tex/latex/pgf/utilities/pgfrcs.sty (c:/texlive/2024/texmf-dist/tex/generic/pgf/utilities/pgfutil-common.tex
\pgfutil@everybye=\toks22
\pgfutil@tempdima=\dimen150
\pgfutil@tempdimb=\dimen151
) (c:/texlive/2024/texmf-dist/tex/generic/pgf/utilities/pgfutil-latex.def
\pgfutil@abb=\box53
) (c:/texlive/2024/texmf-dist/tex/generic/pgf/utilities/pgfrcs.code.tex (c:/texlive/2024/texmf-dist/tex/generic/pgf/pgf.revision.tex)
Package: pgfrcs 2023-01-15 v3.1.10 (3.1.10)
))
Package: pgf 2023-01-15 v3.1.10 (3.1.10)
 (c:/texlive/2024/texmf-dist/tex/latex/pgf/basiclayer/pgfcore.sty (c:/texlive/2024/texmf-dist/tex/latex/graphics/graphicx.sty
Package: graphicx 2021/09/16 v1.2d Enhanced LaTeX Graphics (DPC,SPQR)
 (c:/texlive/2024/texmf-dist/tex/latex/graphics/keyval.sty
Package: keyval 2022/05/29 v1.15 key=value parser (DPC)
\KV@toks@=\toks23
) (c:/texlive/2024/texmf-dist/tex/latex/graphics/graphics.sty
Package: graphics 2022/03/10 v1.4e Standard LaTeX Graphics (DPC,SPQR)
 (c:/texlive/2024/texmf-dist/tex/latex/graphics/trig.sty
Package: trig 2021/08/11 v1.11 sin cos tan (DPC)
) (c:/texlive/2024/texmf-dist/tex/latex/graphics-cfg/graphics.cfg
File: graphics.cfg 2016/06/04 v1.11 sample graphics configuration
)
Package graphics Info: Driver file: pdftex.def on input line 107.
 (c:/texlive/2024/texmf-dist/tex/latex/graphics-def/pdftex.def
File: pdftex.def 2022/09/22 v1.2b Graphics/color driver for pdftex
))
\Gin@req@height=\dimen152
\Gin@req@width=\dimen153
) (c:/texlive/2024/texmf-dist/tex/latex/pgf/systemlayer/pgfsys.sty (c:/texlive/2024/texmf-dist/tex/generic/pgf/systemlayer/pgfsys.code.tex
Package: pgfsys 2023-01-15 v3.1.10 (3.1.10)
 (c:/texlive/2024/texmf-dist/tex/generic/pgf/utilities/pgfkeys.code.tex
\pgfkeys@pathtoks=\toks24
\pgfkeys@temptoks=\toks25
 (c:/texlive/2024/texmf-dist/tex/generic/pgf/utilities/pgfkeyslibraryfiltered.code.tex
\pgfkeys@tmptoks=\toks26
))
\pgf@x=\dimen154
\pgf@y=\dimen155
\pgf@xa=\dimen156
\pgf@ya=\dimen157
\pgf@xb=\dimen158
\pgf@yb=\dimen159
\pgf@xc=\dimen160
\pgf@yc=\dimen161
\pgf@xd=\dimen162
\pgf@yd=\dimen163
\w@pgf@writea=\write3
\r@pgf@reada=\read2
\c@pgf@counta=\count274
\c@pgf@countb=\count275
\c@pgf@countc=\count276
\c@pgf@countd=\count277
\t@pgf@toka=\toks27
\t@pgf@tokb=\toks28
\t@pgf@tokc=\toks29
\pgf@sys@id@count=\count278
 (c:/texlive/2024/texmf-dist/tex/generic/pgf/systemlayer/pgf.cfg
File: pgf.cfg 2023-01-15 v3.1.10 (3.1.10)
)
Driver file for pgf: pgfsys-pdftex.def
 (c:/texlive/2024/texmf-dist/tex/generic/pgf/systemlayer/pgfsys-pdftex.def
File: pgfsys-pdftex.def 2023-01-15 v3.1.10 (3.1.10)
 (c:/texlive/2024/texmf-dist/tex/generic/pgf/systemlayer/pgfsys-common-pdf.def
File: pgfsys-common-pdf.def 2023-01-15 v3.1.10 (3.1.10)
))) (c:/texlive/2024/texmf-dist/tex/generic/pgf/systemlayer/pgfsyssoftpath.code.tex
File: pgfsyssoftpath.code.tex 2023-01-15 v3.1.10 (3.1.10)
\pgfsyssoftpath@smallbuffer@items=\count279
\pgfsyssoftpath@bigbuffer@items=\count280
) (c:/texlive/2024/texmf-dist/tex/generic/pgf/systemlayer/pgfsysprotocol.code.tex
File: pgfsysprotocol.code.tex 2023-01-15 v3.1.10 (3.1.10)
)) (c:/texlive/2024/texmf-dist/tex/latex/xcolor/xcolor.sty
Package: xcolor 2023/11/15 v3.01 LaTeX color extensions (UK)
 (c:/texlive/2024/texmf-dist/tex/latex/graphics-cfg/color.cfg
File: color.cfg 2016/01/02 v1.6 sample color configuration
)
Package xcolor Info: Driver file: pdftex.def on input line 274.
 (c:/texlive/2024/texmf-dist/tex/latex/graphics/mathcolor.ltx)
Package xcolor Info: Model `cmy' substituted by `cmy0' on input line 1350.
Package xcolor Info: Model `hsb' substituted by `rgb' on input line 1354.
Package xcolor Info: Model `RGB' extended on input line 1366.
Package xcolor Info: Model `HTML' substituted by `rgb' on input line 1368.
Package xcolor Info: Model `Hsb' substituted by `hsb' on input line 1369.
Package xcolor Info: Model `tHsb' substituted by `hsb' on input line 1370.
Package xcolor Info: Model `HSB' substituted by `hsb' on input line 1371.
Package xcolor Info: Model `Gray' substituted by `gray' on input line 1372.
Package xcolor Info: Model `wave' substituted by `hsb' on input line 1373.
) (c:/texlive/2024/texmf-dist/tex/generic/pgf/basiclayer/pgfcore.code.tex
Package: pgfcore 2023-01-15 v3.1.10 (3.1.10)
 (c:/texlive/2024/texmf-dist/tex/generic/pgf/math/pgfmath.code.tex (c:/texlive/2024/texmf-dist/tex/generic/pgf/math/pgfmathutil.code.tex) (c:/texlive/2024/texmf-dist/tex/generic/pgf/math/pgfmathparser.code.tex
\pgfmath@dimen=\dimen164
\pgfmath@count=\count281
\pgfmath@box=\box54
\pgfmath@toks=\toks30
\pgfmath@stack@operand=\toks31
\pgfmath@stack@operation=\toks32
) (c:/texlive/2024/texmf-dist/tex/generic/pgf/math/pgfmathfunctions.code.tex) (c:/texlive/2024/texmf-dist/tex/generic/pgf/math/pgfmathfunctions.basic.code.tex) (c:/texlive/2024/texmf-dist/tex/generic/pgf/math/pgfmathfunctions.trigonometric.code.tex) (c:/texlive/2024/texmf-dist/tex/generic/pgf/math/pgfmathfunctions.random.code.tex) (c:/texlive/2024/texmf-dist/tex/generic/pgf/math/pgfmathfunctions.comparison.code.tex) (c:/texlive/2024/texmf-dist/tex/generic/pgf/math/pgfmathfunctions.base.code.tex) (c:/texlive/2024/texmf-dist/tex/generic/pgf/math/pgfmathfunctions.round.code.tex) (c:/texlive/2024/texmf-dist/tex/generic/pgf/math/pgfmathfunctions.misc.code.tex) (c:/texlive/2024/texmf-dist/tex/generic/pgf/math/pgfmathfunctions.integerarithmetics.code.tex) (c:/texlive/2024/texmf-dist/tex/generic/pgf/math/pgfmathcalc.code.tex) (c:/texlive/2024/texmf-dist/tex/generic/pgf/math/pgfmathfloat.code.tex
\c@pgfmathroundto@lastzeros=\count282
)) (c:/texlive/2024/texmf-dist/tex/generic/pgf/math/pgfint.code.tex) (c:/texlive/2024/texmf-dist/tex/generic/pgf/basiclayer/pgfcorepoints.code.tex
File: pgfcorepoints.code.tex 2023-01-15 v3.1.10 (3.1.10)
\pgf@picminx=\dimen165
\pgf@picmaxx=\dimen166
\pgf@picminy=\dimen167
\pgf@picmaxy=\dimen168
\pgf@pathminx=\dimen169
\pgf@pathmaxx=\dimen170
\pgf@pathminy=\dimen171
\pgf@pathmaxy=\dimen172
\pgf@xx=\dimen173
\pgf@xy=\dimen174
\pgf@yx=\dimen175
\pgf@yy=\dimen176
\pgf@zx=\dimen177
\pgf@zy=\dimen178
) (c:/texlive/2024/texmf-dist/tex/generic/pgf/basiclayer/pgfcorepathconstruct.code.tex
File: pgfcorepathconstruct.code.tex 2023-01-15 v3.1.10 (3.1.10)
\pgf@path@lastx=\dimen179
\pgf@path@lasty=\dimen180
) (c:/texlive/2024/texmf-dist/tex/generic/pgf/basiclayer/pgfcorepathusage.code.tex
File: pgfcorepathusage.code.tex 2023-01-15 v3.1.10 (3.1.10)
\pgf@shorten@end@additional=\dimen181
\pgf@shorten@start@additional=\dimen182
) (c:/texlive/2024/texmf-dist/tex/generic/pgf/basiclayer/pgfcorescopes.code.tex
File: pgfcorescopes.code.tex 2023-01-15 v3.1.10 (3.1.10)
\pgfpic=\box55
\pgf@hbox=\box56
\pgf@layerbox@main=\box57
\pgf@picture@serial@count=\count283
) (c:/texlive/2024/texmf-dist/tex/generic/pgf/basiclayer/pgfcoregraphicstate.code.tex
File: pgfcoregraphicstate.code.tex 2023-01-15 v3.1.10 (3.1.10)
\pgflinewidth=\dimen183
) (c:/texlive/2024/texmf-dist/tex/generic/pgf/basiclayer/pgfcoretransformations.code.tex
File: pgfcoretransformations.code.tex 2023-01-15 v3.1.10 (3.1.10)
\pgf@pt@x=\dimen184
\pgf@pt@y=\dimen185
\pgf@pt@temp=\dimen186
) (c:/texlive/2024/texmf-dist/tex/generic/pgf/basiclayer/pgfcorequick.code.tex
File: pgfcorequick.code.tex 2023-01-15 v3.1.10 (3.1.10)
) (c:/texlive/2024/texmf-dist/tex/generic/pgf/basiclayer/pgfcoreobjects.code.tex
File: pgfcoreobjects.code.tex 2023-01-15 v3.1.10 (3.1.10)
) (c:/texlive/2024/texmf-dist/tex/generic/pgf/basiclayer/pgfcorepathprocessing.code.tex
File: pgfcorepathprocessing.code.tex 2023-01-15 v3.1.10 (3.1.10)
) (c:/texlive/2024/texmf-dist/tex/generic/pgf/basiclayer/pgfcorearrows.code.tex
File: pgfcorearrows.code.tex 2023-01-15 v3.1.10 (3.1.10)
\pgfarrowsep=\dimen187
) (c:/texlive/2024/texmf-dist/tex/generic/pgf/basiclayer/pgfcoreshade.code.tex
File: pgfcoreshade.code.tex 2023-01-15 v3.1.10 (3.1.10)
\pgf@max=\dimen188
\pgf@sys@shading@range@num=\count284
\pgf@shadingcount=\count285
) (c:/texlive/2024/texmf-dist/tex/generic/pgf/basiclayer/pgfcoreimage.code.tex
File: pgfcoreimage.code.tex 2023-01-15 v3.1.10 (3.1.10)
) (c:/texlive/2024/texmf-dist/tex/generic/pgf/basiclayer/pgfcoreexternal.code.tex
File: pgfcoreexternal.code.tex 2023-01-15 v3.1.10 (3.1.10)
\pgfexternal@startupbox=\box58
) (c:/texlive/2024/texmf-dist/tex/generic/pgf/basiclayer/pgfcorelayers.code.tex
File: pgfcorelayers.code.tex 2023-01-15 v3.1.10 (3.1.10)
) (c:/texlive/2024/texmf-dist/tex/generic/pgf/basiclayer/pgfcoretransparency.code.tex
File: pgfcoretransparency.code.tex 2023-01-15 v3.1.10 (3.1.10)
) (c:/texlive/2024/texmf-dist/tex/generic/pgf/basiclayer/pgfcorepatterns.code.tex
File: pgfcorepatterns.code.tex 2023-01-15 v3.1.10 (3.1.10)
) (c:/texlive/2024/texmf-dist/tex/generic/pgf/basiclayer/pgfcorerdf.code.tex
File: pgfcorerdf.code.tex 2023-01-15 v3.1.10 (3.1.10)
))) (c:/texlive/2024/texmf-dist/tex/generic/pgf/modules/pgfmoduleshapes.code.tex
File: pgfmoduleshapes.code.tex 2023-01-15 v3.1.10 (3.1.10)
\pgfnodeparttextbox=\box59
) (c:/texlive/2024/texmf-dist/tex/generic/pgf/modules/pgfmoduleplot.code.tex
File: pgfmoduleplot.code.tex 2023-01-15 v3.1.10 (3.1.10)
) (c:/texlive/2024/texmf-dist/tex/latex/pgf/compatibility/pgfcomp-version-0-65.sty
Package: pgfcomp-version-0-65 2023-01-15 v3.1.10 (3.1.10)
\pgf@nodesepstart=\dimen189
\pgf@nodesepend=\dimen190
) (c:/texlive/2024/texmf-dist/tex/latex/pgf/compatibility/pgfcomp-version-1-18.sty
Package: pgfcomp-version-1-18 2023-01-15 v3.1.10 (3.1.10)
)) (c:/texlive/2024/texmf-dist/tex/latex/pgf/utilities/pgffor.sty (c:/texlive/2024/texmf-dist/tex/latex/pgf/utilities/pgfkeys.sty (c:/texlive/2024/texmf-dist/tex/generic/pgf/utilities/pgfkeys.code.tex)) (c:/texlive/2024/texmf-dist/tex/latex/pgf/math/pgfmath.sty (c:/texlive/2024/texmf-dist/tex/generic/pgf/math/pgfmath.code.tex)) (c:/texlive/2024/texmf-dist/tex/generic/pgf/utilities/pgffor.code.tex
Package: pgffor 2023-01-15 v3.1.10 (3.1.10)
\pgffor@iter=\dimen191
\pgffor@skip=\dimen192
\pgffor@stack=\toks33
\pgffor@toks=\toks34
)) (c:/texlive/2024/texmf-dist/tex/generic/pgf/frontendlayer/tikz/tikz.code.tex
Package: tikz 2023-01-15 v3.1.10 (3.1.10)
 (c:/texlive/2024/texmf-dist/tex/generic/pgf/libraries/pgflibraryplothandlers.code.tex
File: pgflibraryplothandlers.code.tex 2023-01-15 v3.1.10 (3.1.10)
\pgf@plot@mark@count=\count286
\pgfplotmarksize=\dimen193
)
\tikz@lastx=\dimen194
\tikz@lasty=\dimen195
\tikz@lastxsaved=\dimen196
\tikz@lastysaved=\dimen197
\tikz@lastmovetox=\dimen198
\tikz@lastmovetoy=\dimen199
\tikzleveldistance=\dimen256
\tikzsiblingdistance=\dimen257
\tikz@figbox=\box60
\tikz@figbox@bg=\box61
\tikz@tempbox=\box62
\tikz@tempbox@bg=\box63
\tikztreelevel=\count287
\tikznumberofchildren=\count288
\tikznumberofcurrentchild=\count289
\tikz@fig@count=\count290
 (c:/texlive/2024/texmf-dist/tex/generic/pgf/modules/pgfmodulematrix.code.tex
File: pgfmodulematrix.code.tex 2023-01-15 v3.1.10 (3.1.10)
\pgfmatrixcurrentrow=\count291
\pgfmatrixcurrentcolumn=\count292
\pgf@matrix@numberofcolumns=\count293
)
\tikz@expandcount=\count294
 (c:/texlive/2024/texmf-dist/tex/generic/pgf/frontendlayer/tikz/libraries/tikzlibrarytopaths.code.tex
File: tikzlibrarytopaths.code.tex 2023-01-15 v3.1.10 (3.1.10)
))) (c:/texlive/2024/texmf-dist/tex/latex/fancyhdr/fancyhdr.sty
Package: fancyhdr 2022/11/09 v4.1 Extensive control of page headers and footers
\f@nch@headwidth=\skip53
\f@nch@O@elh=\skip54
\f@nch@O@erh=\skip55
\f@nch@O@olh=\skip56
\f@nch@O@orh=\skip57
\f@nch@O@elf=\skip58
\f@nch@O@erf=\skip59
\f@nch@O@olf=\skip60
\f@nch@O@orf=\skip61
) (c:/texlive/2024/texmf-dist/tex/latex/l3backend/l3backend-pdftex.def
File: l3backend-pdftex.def 2024-02-20 L3 backend support: PDF output (pdfTeX)
\l__color_backend_stack_int=\count295
\l__pdf_internal_box=\box64
)
No file 2.aux.
\openout1 = `2.aux'.

LaTeX Font Info:    Checking defaults for OML/cmm/m/it on input line 6.
LaTeX Font Info:    ... okay on input line 6.
LaTeX Font Info:    Checking defaults for OMS/cmsy/m/n on input line 6.
LaTeX Font Info:    ... okay on input line 6.
LaTeX Font Info:    Checking defaults for OT1/cmr/m/n on input line 6.
LaTeX Font Info:    ... okay on input line 6.
LaTeX Font Info:    Checking defaults for T1/cmr/m/n on input line 6.
LaTeX Font Info:    ... okay on input line 6.
LaTeX Font Info:    Checking defaults for TS1/cmr/m/n on input line 6.
LaTeX Font Info:    ... okay on input line 6.
LaTeX Font Info:    Checking defaults for OMX/cmex/m/n on input line 6.
LaTeX Font Info:    ... okay on input line 6.
LaTeX Font Info:    Checking defaults for U/cmr/m/n on input line 6.
LaTeX Font Info:    ... okay on input line 6.
(c:/texlive/2024/texmf-dist/tex/context/base/mkii/supp-pdf.mkii
[Loading MPS to PDF converter (version 2006.09.02).]
\scratchcounter=\count296
\scratchdimen=\dimen258
\scratchbox=\box65
\nofMPsegments=\count297
\nofMParguments=\count298
\everyMPshowfont=\toks35
\MPscratchCnt=\count299
\MPscratchDim=\dimen259
\MPnumerator=\count300
\makeMPintoPDFobject=\count301
\everyMPtoPDFconversion=\toks36
) (c:/texlive/2024/texmf-dist/tex/latex/epstopdf-pkg/epstopdf-base.sty
Package: epstopdf-base 2020-01-24 v2.11 Base part for package epstopdf
Package epstopdf-base Info: Redefining graphics rule for `.eps' on input line 485.
 (c:/texlive/2024/texmf-dist/tex/latex/latexconfig/epstopdf-sys.cfg
File: epstopdf-sys.cfg 2010/07/13 v1.3 Configuration of (r)epstopdf for TeX Live
))
LaTeX Font Info:    Trying to load font information for OT1+ptm on input line 48.
 (c:/texlive/2024/texmf-dist/tex/latex/psnfss/ot1ptm.fd
File: ot1ptm.fd 2001/06/04 font definitions for OT1/ptm.
)

c:/Users/CHL/OneDrive/Desktop/inf/lab/lab6/2.tex:48: LaTeX Error: Unicode character —Ç (U+0442)
               not set up for use with LaTeX.

See the LaTeX manual or LaTeX Companion for explanation.
Type  H <return>  for immediate help.
 ...                                              
                                                  
l.48 ...ign=left] {{\fontfamily{ptm}\selectfont —Ç
                                                   –¥–∞–Ω–Ω–æ–π —Ç–æ—á–∫–∏ \...
You may provide a definition with
\DeclareUnicodeCharacter 


c:/Users/CHL/OneDrive/Desktop/inf/lab/lab6/2.tex:48: LaTeX Error: Unicode character –¥ (U+0434)
               not set up for use with LaTeX.

See the LaTeX manual or LaTeX Companion for explanation.
Type  H <return>  for immediate help.
 ...                                              
                                                  
l.48 ...=left] {{\fontfamily{ptm}\selectfont —Ç –¥
                                                  –∞–Ω–Ω–æ–π —Ç–æ—á–∫–∏ \ \ ...
You may provide a definition with
\DeclareUnicodeCharacter 


c:/Users/CHL/OneDrive/Desktop/inf/lab/lab6/2.tex:48: LaTeX Error: Unicode character –∞ (U+0430)
               not set up for use with LaTeX.

See the LaTeX manual or LaTeX Companion for explanation.
Type  H <return>  for immediate help.
 ...                                              
                                                  
l.48 ...eft] {{\fontfamily{ptm}\selectfont —Ç –¥–∞
                                                  –Ω–Ω–æ–π —Ç–æ—á–∫–∏ \ \ \ ...
You may provide a definition with
\DeclareUnicodeCharacter 


c:/Users/CHL/OneDrive/Desktop/inf/lab/lab6/2.tex:48: LaTeX Error: Unicode character –Ω (U+043D)
               not set up for use with LaTeX.

See the LaTeX manual or LaTeX Companion for explanation.
Type  H <return>  for immediate help.
 ...                                              
                                                  
l.48 ...t] {{\fontfamily{ptm}\selectfont —Ç –¥–∞–Ω
                                                  –Ω–æ–π —Ç–æ—á–∫–∏ \ \ \ \ ...
You may provide a definition with
\DeclareUnicodeCharacter 


c:/Users/CHL/OneDrive/Desktop/inf/lab/lab6/2.tex:48: LaTeX Error: Unicode character –Ω (U+043D)
               not set up for use with LaTeX.

See the LaTeX manual or LaTeX Companion for explanation.
Type  H <return>  for immediate help.
 ...                                              
                                                  
l.48 ... {{\fontfamily{ptm}\selectfont —Ç –¥–∞–Ω–Ω
                                                  –æ–π —Ç–æ—á–∫–∏ \ \ \ \ \ ...
You may provide a definition with
\DeclareUnicodeCharacter 


c:/Users/CHL/OneDrive/Desktop/inf/lab/lab6/2.tex:48: LaTeX Error: Unicode character –æ (U+043E)
               not set up for use with LaTeX.

See the LaTeX manual or LaTeX Companion for explanation.
Type  H <return>  for immediate help.
 ...                                              
                                                  
l.48 ...{\fontfamily{ptm}\selectfont —Ç –¥–∞–Ω–Ω–æ
                                                  –π —Ç–æ—á–∫–∏ \ \ \ \ \ \ ...
You may provide a definition with
\DeclareUnicodeCharacter 


c:/Users/CHL/OneDrive/Desktop/inf/lab/lab6/2.tex:48: LaTeX Error: Unicode character –π (U+0439)
               not set up for use with LaTeX.

See the LaTeX manual or LaTeX Companion for explanation.
Type  H <return>  for immediate help.
 ...                                              
                                                  
l.48 ...fontfamily{ptm}\selectfont —Ç –¥–∞–Ω–Ω–æ–π
                                                   —Ç–æ—á–∫–∏ \ \ \ \ \ \ \ ...
You may provide a definition with
\DeclareUnicodeCharacter 


c:/Users/CHL/OneDrive/Desktop/inf/lab/lab6/2.tex:48: LaTeX Error: Unicode character —Ç (U+0442)
               not set up for use with LaTeX.

See the LaTeX manual or LaTeX Companion for explanation.
Type  H <return>  for immediate help.
 ...                                              
                                                  
l.48 ...tfamily{ptm}\selectfont —Ç –¥–∞–Ω–Ω–æ–π —Ç
                                                  –æ—á–∫–∏ \ \ \ \ \ \ \ \ \...
You may provide a definition with
\DeclareUnicodeCharacter 


c:/Users/CHL/OneDrive/Desktop/inf/lab/lab6/2.tex:48: LaTeX Error: Unicode character –æ (U+043E)
               not set up for use with LaTeX.

See the LaTeX manual or LaTeX Companion for explanation.
Type  H <return>  for immediate help.
 ...                                              
                                                  
l.48 ...amily{ptm}\selectfont —Ç –¥–∞–Ω–Ω–æ–π —Ç–æ
                                                  —á–∫–∏ \ \ \ \ \ \ \ \ \ \...
You may provide a definition with
\DeclareUnicodeCharacter 


c:/Users/CHL/OneDrive/Desktop/inf/lab/lab6/2.tex:48: LaTeX Error: Unicode character —á (U+0447)
               not set up for use with LaTeX.

See the LaTeX manual or LaTeX Companion for explanation.
Type  H <return>  for immediate help.
 ...                                              
                                                  
l.48 ...ily{ptm}\selectfont —Ç –¥–∞–Ω–Ω–æ–π —Ç–æ—á
                                                  –∫–∏ \ \ \ \ \ \ \ \ \ \ \...
You may provide a definition with
\DeclareUnicodeCharacter 


c:/Users/CHL/OneDrive/Desktop/inf/lab/lab6/2.tex:48: LaTeX Error: Unicode character –∫ (U+043A)
               not set up for use with LaTeX.

See the LaTeX manual or LaTeX Companion for explanation.
Type  H <return>  for immediate help.
 ...                                              
                                                  
l.48 ...y{ptm}\selectfont —Ç –¥–∞–Ω–Ω–æ–π —Ç–æ—á–∫
                                                  –∏ \ \ \ \ \ \ \ \ \ \ \ \...
You may provide a definition with
\DeclareUnicodeCharacter 


c:/Users/CHL/OneDrive/Desktop/inf/lab/lab6/2.tex:48: LaTeX Error: Unicode character –∏ (U+0438)
               not set up for use with LaTeX.

See the LaTeX manual or LaTeX Companion for explanation.
Type  H <return>  for immediate help.
 ...                                              
                                                  
l.48 ...ptm}\selectfont —Ç –¥–∞–Ω–Ω–æ–π —Ç–æ—á–∫–∏
                                                   \ \ \ \ \ \ \ \ \ \ \ \ \...
You may provide a definition with
\DeclareUnicodeCharacter 


c:/Users/CHL/OneDrive/Desktop/inf/lab/lab6/2.tex:48: LaTeX Error: Unicode character –æ (U+043E)
               not set up for use with LaTeX.

See the LaTeX manual or LaTeX Companion for explanation.
Type  H <return>  for immediate help.
 ...                                              
                                                  
l.48 ...\ \ \ \ \ \ \ \ \ \ \ \ \ \ \ \ \ \ \ \ –æ
                                                  —Ç–ª–æ–∂–∏—Ç—å –ø—Ä—è–º—É—...
You may provide a definition with
\DeclareUnicodeCharacter 


c:/Users/CHL/OneDrive/Desktop/inf/lab/lab6/2.tex:48: LaTeX Error: Unicode character —Ç (U+0442)
               not set up for use with LaTeX.

See the LaTeX manual or LaTeX Companion for explanation.
Type  H <return>  for immediate help.
 ...                                              
                                                  
l.48 ...\ \ \ \ \ \ \ \ \ \ \ \ \ \ \ \ \ \ \ –æ—Ç
                                                  –ª–æ–∂–∏—Ç—å –ø—Ä—è–º—É—é,...
You may provide a definition with
\DeclareUnicodeCharacter 


c:/Users/CHL/OneDrive/Desktop/inf/lab/lab6/2.tex:48: LaTeX Error: Unicode character –ª (U+043B)
               not set up for use with LaTeX.

See the LaTeX manual or LaTeX Companion for explanation.
Type  H <return>  for immediate help.
 ...                                              
                                                  
l.48 ...\ \ \ \ \ \ \ \ \ \ \ \ \ \ \ \ \ \ –æ—Ç–ª
                                                  –æ–∂–∏—Ç—å –ø—Ä—è–º—É—é,}\...
You may provide a definition with
\DeclareUnicodeCharacter 


c:/Users/CHL/OneDrive/Desktop/inf/lab/lab6/2.tex:48: LaTeX Error: Unicode character –æ (U+043E)
               not set up for use with LaTeX.

See the LaTeX manual or LaTeX Companion for explanation.
Type  H <return>  for immediate help.
 ...                                              
                                                  
l.48 ...\ \ \ \ \ \ \ \ \ \ \ \ \ \ \ \ \ –æ—Ç–ª–æ
                                                  –∂–∏—Ç—å –ø—Ä—è–º—É—é,}\\{...
You may provide a definition with
\DeclareUnicodeCharacter 


c:/Users/CHL/OneDrive/Desktop/inf/lab/lab6/2.tex:48: LaTeX Error: Unicode character –∂ (U+0436)
               not set up for use with LaTeX.

See the LaTeX manual or LaTeX Companion for explanation.
Type  H <return>  for immediate help.
 ...                                              
                                                  
l.48 ...\ \ \ \ \ \ \ \ \ \ \ \ \ \ \ \ –æ—Ç–ª–æ–∂
                                                  –∏—Ç—å –ø—Ä—è–º—É—é,}\\{\f...
You may provide a definition with
\DeclareUnicodeCharacter 


c:/Users/CHL/OneDrive/Desktop/inf/lab/lab6/2.tex:48: LaTeX Error: Unicode character –∏ (U+0438)
               not set up for use with LaTeX.

See the LaTeX manual or LaTeX Companion for explanation.
Type  H <return>  for immediate help.
 ...                                              
                                                  
l.48 ...\ \ \ \ \ \ \ \ \ \ \ \ \ \ \ –æ—Ç–ª–æ–∂–∏
                                                  —Ç—å –ø—Ä—è–º—É—é,}\\{\fon...
You may provide a definition with
\DeclareUnicodeCharacter 


c:/Users/CHL/OneDrive/Desktop/inf/lab/lab6/2.tex:48: LaTeX Error: Unicode character —Ç (U+0442)
               not set up for use with LaTeX.

See the LaTeX manual or LaTeX Companion for explanation.
Type  H <return>  for immediate help.
 ...                                              
                                                  
l.48 ...\ \ \ \ \ \ \ \ \ \ \ \ \ \ –æ—Ç–ª–æ–∂–∏—Ç
                                                  —å –ø—Ä—è–º—É—é,}\\{\fontf...
You may provide a definition with
\DeclareUnicodeCharacter 


c:/Users/CHL/OneDrive/Desktop/inf/lab/lab6/2.tex:48: LaTeX Error: Unicode character —å (U+044C)
               not set up for use with LaTeX.

See the LaTeX manual or LaTeX Companion for explanation.
Type  H <return>  for immediate help.
 ...                                              
                                                  
l.48 ...\ \ \ \ \ \ \ \ \ \ \ \ \ –æ—Ç–ª–æ–∂–∏—Ç—å
                                                   –ø—Ä—è–º—É—é,}\\{\fontfam...
You may provide a definition with
\DeclareUnicodeCharacter 


c:/Users/CHL/OneDrive/Desktop/inf/lab/lab6/2.tex:48: LaTeX Error: Unicode character –ø (U+043F)
               not set up for use with LaTeX.

See the LaTeX manual or LaTeX Companion for explanation.
Type  H <return>  for immediate help.
 ...                                              
                                                  
l.48 ... \ \ \ \ \ \ \ \ \ \ \ –æ—Ç–ª–æ–∂–∏—Ç—å –ø
                                                  —Ä—è–º—É—é,}\\{\fontfamily...
You may provide a definition with
\DeclareUnicodeCharacter 


c:/Users/CHL/OneDrive/Desktop/inf/lab/lab6/2.tex:48: LaTeX Error: Unicode character —Ä (U+0440)
               not set up for use with LaTeX.

See the LaTeX manual or LaTeX Companion for explanation.
Type  H <return>  for immediate help.
 ...                                              
                                                  
l.48 ... \ \ \ \ \ \ \ \ \ \ –æ—Ç–ª–æ–∂–∏—Ç—å –ø—Ä
                                                  —è–º—É—é,}\\{\fontfamily{p...
You may provide a definition with
\DeclareUnicodeCharacter 


c:/Users/CHL/OneDrive/Desktop/inf/lab/lab6/2.tex:48: LaTeX Error: Unicode character —è (U+044F)
               not set up for use with LaTeX.

See the LaTeX manual or LaTeX Companion for explanation.
Type  H <return>  for immediate help.
 ...                                              
                                                  
l.48 ... \ \ \ \ \ \ \ \ \ –æ—Ç–ª–æ–∂–∏—Ç—å –ø—Ä—è
                                                  –º—É—é,}\\{\fontfamily{ptm...
You may provide a definition with
\DeclareUnicodeCharacter 


c:/Users/CHL/OneDrive/Desktop/inf/lab/lab6/2.tex:48: LaTeX Error: Unicode character –º (U+043C)
               not set up for use with LaTeX.

See the LaTeX manual or LaTeX Companion for explanation.
Type  H <return>  for immediate help.
 ...                                              
                                                  
l.48 ... \ \ \ \ \ \ \ \ –æ—Ç–ª–æ–∂–∏—Ç—å –ø—Ä—è–º
                                                  —É—é,}\\{\fontfamily{ptm}\...
You may provide a definition with
\DeclareUnicodeCharacter 


c:/Users/CHL/OneDrive/Desktop/inf/lab/lab6/2.tex:48: LaTeX Error: Unicode character —É (U+0443)
               not set up for use with LaTeX.

See the LaTeX manual or LaTeX Companion for explanation.
Type  H <return>  for immediate help.
 ...                                              
                                                  
l.48 ... \ \ \ \ \ \ \ –æ—Ç–ª–æ–∂–∏—Ç—å –ø—Ä—è–º—É
                                                  —é,}\\{\fontfamily{ptm}\se...
You may provide a definition with
\DeclareUnicodeCharacter 


c:/Users/CHL/OneDrive/Desktop/inf/lab/lab6/2.tex:48: LaTeX Error: Unicode character —é (U+044E)
               not set up for use with LaTeX.

See the LaTeX manual or LaTeX Companion for explanation.
Type  H <return>  for immediate help.
 ...                                              
                                                  
l.48 ... \ \ \ \ \ \ –æ—Ç–ª–æ–∂–∏—Ç—å –ø—Ä—è–º—É—é
                                                  ,}\\{\fontfamily{ptm}\sele...
You may provide a definition with
\DeclareUnicodeCharacter 


c:/Users/CHL/OneDrive/Desktop/inf/lab/lab6/2.tex:48: LaTeX Error: Unicode character —Ä (U+0440)
               not set up for use with LaTeX.

See the LaTeX manual or LaTeX Companion for explanation.
Type  H <return>  for immediate help.
 ...                                              
                                                  
l.48 ...è–º—É—é,}\\{\fontfamily{ptm}\selectfont —Ä
                                                  –∞–≤–Ω—É—é –¥–∞–Ω–Ω–æ–π –ø...
You may provide a definition with
\DeclareUnicodeCharacter 


c:/Users/CHL/OneDrive/Desktop/inf/lab/lab6/2.tex:48: LaTeX Error: Unicode character –∞ (U+0430)
               not set up for use with LaTeX.

See the LaTeX manual or LaTeX Companion for explanation.
Type  H <return>  for immediate help.
 ...                                              
                                                  
l.48 ...º—É—é,}\\{\fontfamily{ptm}\selectfont —Ä–∞
                                                  –≤–Ω—É—é –¥–∞–Ω–Ω–æ–π –ø—Ä...
You may provide a definition with
\DeclareUnicodeCharacter 


c:/Users/CHL/OneDrive/Desktop/inf/lab/lab6/2.tex:48: LaTeX Error: Unicode character –≤ (U+0432)
               not set up for use with LaTeX.

See the LaTeX manual or LaTeX Companion for explanation.
Type  H <return>  for immediate help.
 ...                                              
                                                  
l.48 ...É—é,}\\{\fontfamily{ptm}\selectfont —Ä–∞–≤
                                                  –Ω—É—é –¥–∞–Ω–Ω–æ–π –ø—Ä—è...
You may provide a definition with
\DeclareUnicodeCharacter 


c:/Users/CHL/OneDrive/Desktop/inf/lab/lab6/2.tex:48: LaTeX Error: Unicode character –Ω (U+043D)
               not set up for use with LaTeX.

See the LaTeX manual or LaTeX Companion for explanation.
Type  H <return>  for immediate help.
 ...                                              
                                                  
l.48 ...é,}\\{\fontfamily{ptm}\selectfont —Ä–∞–≤–Ω
                                                  —É—é –¥–∞–Ω–Ω–æ–π –ø—Ä—è–º...
You may provide a definition with
\DeclareUnicodeCharacter 


c:/Users/CHL/OneDrive/Desktop/inf/lab/lab6/2.tex:48: LaTeX Error: Unicode character —É (U+0443)
               not set up for use with LaTeX.

See the LaTeX manual or LaTeX Companion for explanation.
Type  H <return>  for immediate help.
 ...                                              
                                                  
l.48 ...}\\{\fontfamily{ptm}\selectfont —Ä–∞–≤–Ω—É
                                                  —é –¥–∞–Ω–Ω–æ–π –ø—Ä—è–º–æ...
You may provide a definition with
\DeclareUnicodeCharacter 


c:/Users/CHL/OneDrive/Desktop/inf/lab/lab6/2.tex:48: LaTeX Error: Unicode character —é (U+044E)
               not set up for use with LaTeX.

See the LaTeX manual or LaTeX Companion for explanation.
Type  H <return>  for immediate help.
 ...                                              
                                                  
l.48 ...\{\fontfamily{ptm}\selectfont —Ä–∞–≤–Ω—É—é
                                                   –¥–∞–Ω–Ω–æ–π –ø—Ä—è–º–æ–π...
You may provide a definition with
\DeclareUnicodeCharacter 


c:/Users/CHL/OneDrive/Desktop/inf/lab/lab6/2.tex:48: LaTeX Error: Unicode character –¥ (U+0434)
               not set up for use with LaTeX.

See the LaTeX manual or LaTeX Companion for explanation.
Type  H <return>  for immediate help.
 ...                                              
                                                  
l.48 ...fontfamily{ptm}\selectfont —Ä–∞–≤–Ω—É—é –¥
                                                  –∞–Ω–Ω–æ–π –ø—Ä—è–º–æ–π \ ...
You may provide a definition with
\DeclareUnicodeCharacter 


c:/Users/CHL/OneDrive/Desktop/inf/lab/lab6/2.tex:48: LaTeX Error: Unicode character –∞ (U+0430)
               not set up for use with LaTeX.

See the LaTeX manual or LaTeX Companion for explanation.
Type  H <return>  for immediate help.
 ...                                              
                                                  
l.48 ...ntfamily{ptm}\selectfont —Ä–∞–≤–Ω—É—é –¥–∞
                                                  –Ω–Ω–æ–π –ø—Ä—è–º–æ–π \ \ ...
You may provide a definition with
\DeclareUnicodeCharacter 


c:/Users/CHL/OneDrive/Desktop/inf/lab/lab6/2.tex:48: LaTeX Error: Unicode character –Ω (U+043D)
               not set up for use with LaTeX.

See the LaTeX manual or LaTeX Companion for explanation.
Type  H <return>  for immediate help.
 ...                                              
                                                  
l.48 ...family{ptm}\selectfont —Ä–∞–≤–Ω—É—é –¥–∞–Ω
                                                  –Ω–æ–π –ø—Ä—è–º–æ–π \ \ \ ...
You may provide a definition with
\DeclareUnicodeCharacter 


c:/Users/CHL/OneDrive/Desktop/inf/lab/lab6/2.tex:48: LaTeX Error: Unicode character –Ω (U+043D)
               not set up for use with LaTeX.

See the LaTeX manual or LaTeX Companion for explanation.
Type  H <return>  for immediate help.
 ...                                              
                                                  
l.48 ...mily{ptm}\selectfont —Ä–∞–≤–Ω—É—é –¥–∞–Ω–Ω
                                                  –æ–π –ø—Ä—è–º–æ–π \ \ \ \ ...
You may provide a definition with
\DeclareUnicodeCharacter 


c:/Users/CHL/OneDrive/Desktop/inf/lab/lab6/2.tex:48: LaTeX Error: Unicode character –æ (U+043E)
               not set up for use with LaTeX.

See the LaTeX manual or LaTeX Companion for explanation.
Type  H <return>  for immediate help.
 ...                                              
                                                  
l.48 ...ly{ptm}\selectfont —Ä–∞–≤–Ω—É—é –¥–∞–Ω–Ω–æ
                                                  –π –ø—Ä—è–º–æ–π \ \ \ \ \ ...
You may provide a definition with
\DeclareUnicodeCharacter 


c:/Users/CHL/OneDrive/Desktop/inf/lab/lab6/2.tex:48: LaTeX Error: Unicode character –π (U+0439)
               not set up for use with LaTeX.

See the LaTeX manual or LaTeX Companion for explanation.
Type  H <return>  for immediate help.
 ...                                              
                                                  
l.48 ...{ptm}\selectfont —Ä–∞–≤–Ω—É—é –¥–∞–Ω–Ω–æ–π
                                                   –ø—Ä—è–º–æ–π \ \ \ \ \ \ ...
You may provide a definition with
\DeclareUnicodeCharacter 


c:/Users/CHL/OneDrive/Desktop/inf/lab/lab6/2.tex:48: LaTeX Error: Unicode character –ø (U+043F)
               not set up for use with LaTeX.

See the LaTeX manual or LaTeX Companion for explanation.
Type  H <return>  for immediate help.
 ...                                              
                                                  
l.48 ...m}\selectfont —Ä–∞–≤–Ω—É—é –¥–∞–Ω–Ω–æ–π –ø
                                                  —Ä—è–º–æ–π \ \ \ \ \ \ \ \...
You may provide a definition with
\DeclareUnicodeCharacter 


c:/Users/CHL/OneDrive/Desktop/inf/lab/lab6/2.tex:48: LaTeX Error: Unicode character —Ä (U+0440)
               not set up for use with LaTeX.

See the LaTeX manual or LaTeX Companion for explanation.
Type  H <return>  for immediate help.
 ...                                              
                                                  
l.48 ...\selectfont —Ä–∞–≤–Ω—É—é –¥–∞–Ω–Ω–æ–π –ø—Ä
                                                  —è–º–æ–π \ \ \ \ \ \ \ \ \...
You may provide a definition with
\DeclareUnicodeCharacter 


c:/Users/CHL/OneDrive/Desktop/inf/lab/lab6/2.tex:48: LaTeX Error: Unicode character —è (U+044F)
               not set up for use with LaTeX.

See the LaTeX manual or LaTeX Companion for explanation.
Type  H <return>  for immediate help.
 ...                                              
                                                  
l.48 ...electfont —Ä–∞–≤–Ω—É—é –¥–∞–Ω–Ω–æ–π –ø—Ä—è
                                                  –º–æ–π \ \ \ \ \ \ \ \ \ \...
You may provide a definition with
\DeclareUnicodeCharacter 


c:/Users/CHL/OneDrive/Desktop/inf/lab/lab6/2.tex:48: LaTeX Error: Unicode character –º (U+043C)
               not set up for use with LaTeX.

See the LaTeX manual or LaTeX Companion for explanation.
Type  H <return>  for immediate help.
 ...                                              
                                                  
l.48 ...ectfont —Ä–∞–≤–Ω—É—é –¥–∞–Ω–Ω–æ–π –ø—Ä—è–º
                                                  –æ–π \ \ \ \ \ \ \ \ \ \ \...
You may provide a definition with
\DeclareUnicodeCharacter 


c:/Users/CHL/OneDrive/Desktop/inf/lab/lab6/2.tex:48: LaTeX Error: Unicode character –æ (U+043E)
               not set up for use with LaTeX.

See the LaTeX manual or LaTeX Companion for explanation.
Type  H <return>  for immediate help.
 ...                                              
                                                  
l.48 ...tfont —Ä–∞–≤–Ω—É—é –¥–∞–Ω–Ω–æ–π –ø—Ä—è–º–æ
                                                  –π \ \ \ \ \ \ \ \ \ \ \ \...
You may provide a definition with
\DeclareUnicodeCharacter 


c:/Users/CHL/OneDrive/Desktop/inf/lab/lab6/2.tex:48: LaTeX Error: Unicode character –π (U+0439)
               not set up for use with LaTeX.

See the LaTeX manual or LaTeX Companion for explanation.
Type  H <return>  for immediate help.
 ...                                              
                                                  
l.48 ...ont —Ä–∞–≤–Ω—É—é –¥–∞–Ω–Ω–æ–π –ø—Ä—è–º–æ–π
                                                   \ \ \ \ \ \ \ \ \ \ \ \ \...
You may provide a definition with
\DeclareUnicodeCharacter 


Overfull \hbox (65.625pt too wide) in paragraph at lines 63--64
[][] 
 []


c:/Users/CHL/OneDrive/Desktop/inf/lab/lab6/2.tex:87: LaTeX Error: Unicode character –ö (U+041A)
               not set up for use with LaTeX.

See the LaTeX manual or LaTeX Companion for explanation.
Type  H <return>  for immediate help.
 ...                                              
                                                  
l.87 \end{document}
                   
You may provide a definition with
\DeclareUnicodeCharacter 


c:/Users/CHL/OneDrive/Desktop/inf/lab/lab6/2.tex:87: LaTeX Error: Unicode character –Ω (U+043D)
               not set up for use with LaTeX.

See the LaTeX manual or LaTeX Companion for explanation.
Type  H <return>  for immediate help.
 ...                                              
                                                  
l.87 \end{document}
                   
You may provide a definition with
\DeclareUnicodeCharacter 


c:/Users/CHL/OneDrive/Desktop/inf/lab/lab6/2.tex:87: LaTeX Error: Unicode character –∏ (U+0438)
               not set up for use with LaTeX.

See the LaTeX manual or LaTeX Companion for explanation.
Type  H <return>  for immediate help.
 ...                                              
                                                  
l.87 \end{document}
                   
You may provide a definition with
\DeclareUnicodeCharacter 


c:/Users/CHL/OneDrive/Desktop/inf/lab/lab6/2.tex:87: LaTeX Error: Unicode character –≥ (U+0433)
               not set up for use with LaTeX.

See the LaTeX manual or LaTeX Companion for explanation.
Type  H <return>  for immediate help.
 ...                                              
                                                  
l.87 \end{document}
                   
You may provide a definition with
\DeclareUnicodeCharacter 


c:/Users/CHL/OneDrive/Desktop/inf/lab/lab6/2.tex:87: LaTeX Error: Unicode character –∞ (U+0430)
               not set up for use with LaTeX.

See the LaTeX manual or LaTeX Companion for explanation.
Type  H <return>  for immediate help.
 ...                                              
                                                  
l.87 \end{document}
                   
You may provide a definition with
\DeclareUnicodeCharacter 


c:/Users/CHL/OneDrive/Desktop/inf/lab/lab6/2.tex:87: LaTeX Error: Unicode character –ü (U+041F)
               not set up for use with LaTeX.

See the LaTeX manual or LaTeX Companion for explanation.
Type  H <return>  for immediate help.
 ...                                              
                                                  
l.87 \end{document}
                   
You may provide a definition with
\DeclareUnicodeCharacter 


c:/Users/CHL/OneDrive/Desktop/inf/lab/lab6/2.tex:87: LaTeX Error: Unicode character —Ä (U+0440)
               not set up for use with LaTeX.

See the LaTeX manual or LaTeX Companion for explanation.
Type  H <return>  for immediate help.
 ...                                              
                                                  
l.87 \end{document}
                   
You may provide a definition with
\DeclareUnicodeCharacter 


c:/Users/CHL/OneDrive/Desktop/inf/lab/lab6/2.tex:87: LaTeX Error: Unicode character –µ (U+0435)
               not set up for use with LaTeX.

See the LaTeX manual or LaTeX Companion for explanation.
Type  H <return>  for immediate help.
 ...                                              
                                                  
l.87 \end{document}
                   
You may provide a definition with
\DeclareUnicodeCharacter 


c:/Users/CHL/OneDrive/Desktop/inf/lab/lab6/2.tex:87: LaTeX Error: Unicode character –¥ (U+0434)
               not set up for use with LaTeX.

See the LaTeX manual or LaTeX Companion for explanation.
Type  H <return>  for immediate help.
 ...                                              
                                                  
l.87 \end{document}
                   
You may provide a definition with
\DeclareUnicodeCharacter 


c:/Users/CHL/OneDrive/Desktop/inf/lab/lab6/2.tex:87: LaTeX Error: Unicode character –ª (U+043B)
               not set up for use with LaTeX.

See the LaTeX manual or LaTeX Companion for explanation.
Type  H <return>  for immediate help.
 ...                                              
                                                  
l.87 \end{document}
                   
You may provide a definition with
\DeclareUnicodeCharacter 


c:/Users/CHL/OneDrive/Desktop/inf/lab/lab6/2.tex:87: LaTeX Error: Unicode character –ó (U+0417)
               not set up for use with LaTeX.

See the LaTeX manual or LaTeX Companion for explanation.
Type  H <return>  for immediate help.
 ...                                              
                                                  
l.87 \end{document}
                   
You may provide a definition with
\DeclareUnicodeCharacter 


c:/Users/CHL/OneDrive/Desktop/inf/lab/lab6/2.tex:87: LaTeX Error: Unicode character –∞ (U+0430)
               not set up for use with LaTeX.

See the LaTeX manual or LaTeX Companion for explanation.
Type  H <return>  for immediate help.
 ...                                              
                                                  
l.87 \end{document}
                   
You may provide a definition with
\DeclareUnicodeCharacter 


c:/Users/CHL/OneDrive/Desktop/inf/lab/lab6/2.tex:87: LaTeX Error: Unicode character –¥ (U+0434)
               not set up for use with LaTeX.

See the LaTeX manual or LaTeX Companion for explanation.
Type  H <return>  for immediate help.
 ...                                              
                                                  
l.87 \end{document}
                   
You may provide a definition with
\DeclareUnicodeCharacter 


c:/Users/CHL/OneDrive/Desktop/inf/lab/lab6/2.tex:87: LaTeX Error: Unicode character –∞ (U+0430)
               not set up for use with LaTeX.

See the LaTeX manual or LaTeX Companion for explanation.
Type  H <return>  for immediate help.
 ...                                              
                                                  
l.87 \end{document}
                   
You may provide a definition with
\DeclareUnicodeCharacter 


c:/Users/CHL/OneDrive/Desktop/inf/lab/lab6/2.tex:87: LaTeX Error: Unicode character —á (U+0447)
               not set up for use with LaTeX.

See the LaTeX manual or LaTeX Companion for explanation.
Type  H <return>  for immediate help.
 ...                                              
                                                  
l.87 \end{document}
                   
You may provide a definition with
\DeclareUnicodeCharacter 


c:/Users/CHL/OneDrive/Desktop/inf/lab/lab6/2.tex:87: LaTeX Error: Unicode character –∞ (U+0430)
               not set up for use with LaTeX.

See the LaTeX manual or LaTeX Companion for explanation.
Type  H <return>  for immediate help.
 ...                                              
                                                  
l.87 \end{document}
                   
You may provide a definition with
\DeclareUnicodeCharacter 

[1{c:/texlive/2024/texmf-var/fonts/map/pdftex/updmap/pdftex.map}

{c:/texlive/2024/texmf-dist/fonts/enc/dvips/base/8r.enc}] (./2.aux)
 ***********
LaTeX2e <2023-11-01> patch level 1
L3 programming layer <2024-02-20>
 ***********
 ) 
Here is how much of TeX's memory you used:
 12729 strings out of 474116
 259088 string characters out of 5747717
 1933190 words of memory out of 5000000
 34898 multiletter control sequences out of 15000+600000
 560007 words of font info for 39 fonts, out of 8000000 for 9000
 1141 hyphenation exceptions out of 8191
 102i,11n,107p,471b,617s stack positions out of 10000i,1000n,20000p,200000b,200000s
<c:/texlive/2024/texmf-dist/fonts/type1/public/amsfonts/cm/cmr10.pfb><c:/texlive/2024/texmf-dist/fonts/type1/urw/times/utmr8a.pfb>
Output written on 2.pdf (1 page, 22484 bytes).
PDF statistics:
 22 PDF objects out of 1000 (max. 8388607)
 14 compressed objects within 1 object stream
 0 named destinations out of 1000 (max. 500000)
 13 words of extra memory for PDF output out of 10000 (max. 10000000)

