This is pdfTeX, Version 3.141592653-2.6-1.40.26 (TeX Live 2024) (preloaded format=pdflatex 2025.1.17)  18 JAN 2025 02:31
entering extended mode
 \write18 enabled.
 file:line:error style messages enabled.
 %&-line parsing enabled.
**c:/Users/CHL/OneDrive/Desktop/inf/lab/lab6/lab6
(c:/Users/CHL/OneDrive/Desktop/inf/lab/lab6/lab6.tex
LaTeX2e <2023-11-01> patch level 1
L3 programming layer <2024-02-20>
(c:/texlive/2024/texmf-dist/tex/latex/standalone/standalone.cls
Document Class: standalone 2022/10/10 v1.3b Class to compile TeX sub-files standalone
(c:/texlive/2024/texmf-dist/tex/latex/tools/shellesc.sty
Package: shellesc 2023/07/08 v1.0d unified shell escape interface for LaTeX
Package shellesc Info: Unrestricted shell escape enabled on input line 75.
) (c:/texlive/2024/texmf-dist/tex/generic/iftex/ifluatex.sty
Package: ifluatex 2019/10/25 v1.5 ifluatex legacy package. Use iftex instead.
 (c:/texlive/2024/texmf-dist/tex/generic/iftex/iftex.sty
Package: iftex 2022/02/03 v1.0f TeX engine tests
)) (c:/texlive/2024/texmf-dist/tex/latex/xkeyval/xkeyval.sty
Package: xkeyval 2022/06/16 v2.9 package option processing (HA)
 (c:/texlive/2024/texmf-dist/tex/generic/xkeyval/xkeyval.tex (c:/texlive/2024/texmf-dist/tex/generic/xkeyval/xkvutils.tex
\XKV@toks=\toks17
\XKV@tempa@toks=\toks18
 (c:/texlive/2024/texmf-dist/tex/generic/xkeyval/keyval.tex))
\XKV@depth=\count188
File: xkeyval.tex 2014/12/03 v2.7a key=value parser (HA)
))
\sa@internal=\count189
\c@sapage=\count190
 (c:/texlive/2024/texmf-dist/tex/latex/standalone/standalone.cfg
File: standalone.cfg 2022/10/10 v1.3b Default configuration file for 'standalone' class
) (c:/texlive/2024/texmf-dist/tex/latex/base/article.cls
Document Class: article 2023/05/17 v1.4n Standard LaTeX document class
(c:/texlive/2024/texmf-dist/tex/latex/base/size10.clo
File: size10.clo 2023/05/17 v1.4n Standard LaTeX file (size option)
)
\c@part=\count191
\c@section=\count192
\c@subsection=\count193
\c@subsubsection=\count194
\c@paragraph=\count195
\c@subparagraph=\count196
\c@figure=\count197
\c@table=\count198
\abovecaptionskip=\skip48
\belowcaptionskip=\skip49
\bibindent=\dimen140
) (c:/texlive/2024/texmf-dist/tex/latex/pgf/frontendlayer/tikz.sty (c:/texlive/2024/texmf-dist/tex/latex/pgf/basiclayer/pgf.sty (c:/texlive/2024/texmf-dist/tex/latex/pgf/utilities/pgfrcs.sty (c:/texlive/2024/texmf-dist/tex/generic/pgf/utilities/pgfutil-common.tex
\pgfutil@everybye=\toks19
\pgfutil@tempdima=\dimen141
\pgfutil@tempdimb=\dimen142
) (c:/texlive/2024/texmf-dist/tex/generic/pgf/utilities/pgfutil-latex.def
\pgfutil@abb=\box51
) (c:/texlive/2024/texmf-dist/tex/generic/pgf/utilities/pgfrcs.code.tex (c:/texlive/2024/texmf-dist/tex/generic/pgf/pgf.revision.tex)
Package: pgfrcs 2023-01-15 v3.1.10 (3.1.10)
))
Package: pgf 2023-01-15 v3.1.10 (3.1.10)
 (c:/texlive/2024/texmf-dist/tex/latex/pgf/basiclayer/pgfcore.sty (c:/texlive/2024/texmf-dist/tex/latex/graphics/graphicx.sty
Package: graphicx 2021/09/16 v1.2d Enhanced LaTeX Graphics (DPC,SPQR)
 (c:/texlive/2024/texmf-dist/tex/latex/graphics/graphics.sty
Package: graphics 2022/03/10 v1.4e Standard LaTeX Graphics (DPC,SPQR)
 (c:/texlive/2024/texmf-dist/tex/latex/graphics/trig.sty
Package: trig 2021/08/11 v1.11 sin cos tan (DPC)
) (c:/texlive/2024/texmf-dist/tex/latex/graphics-cfg/graphics.cfg
File: graphics.cfg 2016/06/04 v1.11 sample graphics configuration
)
Package graphics Info: Driver file: pdftex.def on input line 107.
 (c:/texlive/2024/texmf-dist/tex/latex/graphics-def/pdftex.def
File: pdftex.def 2022/09/22 v1.2b Graphics/color driver for pdftex
))
\Gin@req@height=\dimen143
\Gin@req@width=\dimen144
) (c:/texlive/2024/texmf-dist/tex/latex/pgf/systemlayer/pgfsys.sty (c:/texlive/2024/texmf-dist/tex/generic/pgf/systemlayer/pgfsys.code.tex
Package: pgfsys 2023-01-15 v3.1.10 (3.1.10)
 (c:/texlive/2024/texmf-dist/tex/generic/pgf/utilities/pgfkeys.code.tex
\pgfkeys@pathtoks=\toks20
\pgfkeys@temptoks=\toks21
 (c:/texlive/2024/texmf-dist/tex/generic/pgf/utilities/pgfkeyslibraryfiltered.code.tex
\pgfkeys@tmptoks=\toks22
))
\pgf@x=\dimen145
\pgf@y=\dimen146
\pgf@xa=\dimen147
\pgf@ya=\dimen148
\pgf@xb=\dimen149
\pgf@yb=\dimen150
\pgf@xc=\dimen151
\pgf@yc=\dimen152
\pgf@xd=\dimen153
\pgf@yd=\dimen154
\w@pgf@writea=\write3
\r@pgf@reada=\read2
\c@pgf@counta=\count199
\c@pgf@countb=\count266
\c@pgf@countc=\count267
\c@pgf@countd=\count268
\t@pgf@toka=\toks23
\t@pgf@tokb=\toks24
\t@pgf@tokc=\toks25
\pgf@sys@id@count=\count269
 (c:/texlive/2024/texmf-dist/tex/generic/pgf/systemlayer/pgf.cfg
File: pgf.cfg 2023-01-15 v3.1.10 (3.1.10)
)
Driver file for pgf: pgfsys-pdftex.def
 (c:/texlive/2024/texmf-dist/tex/generic/pgf/systemlayer/pgfsys-pdftex.def
File: pgfsys-pdftex.def 2023-01-15 v3.1.10 (3.1.10)
 (c:/texlive/2024/texmf-dist/tex/generic/pgf/systemlayer/pgfsys-common-pdf.def
File: pgfsys-common-pdf.def 2023-01-15 v3.1.10 (3.1.10)
))) (c:/texlive/2024/texmf-dist/tex/generic/pgf/systemlayer/pgfsyssoftpath.code.tex
File: pgfsyssoftpath.code.tex 2023-01-15 v3.1.10 (3.1.10)
\pgfsyssoftpath@smallbuffer@items=\count270
\pgfsyssoftpath@bigbuffer@items=\count271
) (c:/texlive/2024/texmf-dist/tex/generic/pgf/systemlayer/pgfsysprotocol.code.tex
File: pgfsysprotocol.code.tex 2023-01-15 v3.1.10 (3.1.10)
)) (c:/texlive/2024/texmf-dist/tex/latex/xcolor/xcolor.sty
Package: xcolor 2023/11/15 v3.01 LaTeX color extensions (UK)
 (c:/texlive/2024/texmf-dist/tex/latex/graphics-cfg/color.cfg
File: color.cfg 2016/01/02 v1.6 sample color configuration
)
Package xcolor Info: Driver file: pdftex.def on input line 274.
 (c:/texlive/2024/texmf-dist/tex/latex/graphics/mathcolor.ltx)
Package xcolor Info: Model `cmy' substituted by `cmy0' on input line 1350.
Package xcolor Info: Model `hsb' substituted by `rgb' on input line 1354.
Package xcolor Info: Model `RGB' extended on input line 1366.
Package xcolor Info: Model `HTML' substituted by `rgb' on input line 1368.
Package xcolor Info: Model `Hsb' substituted by `hsb' on input line 1369.
Package xcolor Info: Model `tHsb' substituted by `hsb' on input line 1370.
Package xcolor Info: Model `HSB' substituted by `hsb' on input line 1371.
Package xcolor Info: Model `Gray' substituted by `gray' on input line 1372.
Package xcolor Info: Model `wave' substituted by `hsb' on input line 1373.
) (c:/texlive/2024/texmf-dist/tex/generic/pgf/basiclayer/pgfcore.code.tex
Package: pgfcore 2023-01-15 v3.1.10 (3.1.10)
 (c:/texlive/2024/texmf-dist/tex/generic/pgf/math/pgfmath.code.tex (c:/texlive/2024/texmf-dist/tex/generic/pgf/math/pgfmathutil.code.tex) (c:/texlive/2024/texmf-dist/tex/generic/pgf/math/pgfmathparser.code.tex
\pgfmath@dimen=\dimen155
\pgfmath@count=\count272
\pgfmath@box=\box52
\pgfmath@toks=\toks26
\pgfmath@stack@operand=\toks27
\pgfmath@stack@operation=\toks28
) (c:/texlive/2024/texmf-dist/tex/generic/pgf/math/pgfmathfunctions.code.tex) (c:/texlive/2024/texmf-dist/tex/generic/pgf/math/pgfmathfunctions.basic.code.tex) (c:/texlive/2024/texmf-dist/tex/generic/pgf/math/pgfmathfunctions.trigonometric.code.tex) (c:/texlive/2024/texmf-dist/tex/generic/pgf/math/pgfmathfunctions.random.code.tex) (c:/texlive/2024/texmf-dist/tex/generic/pgf/math/pgfmathfunctions.comparison.code.tex) (c:/texlive/2024/texmf-dist/tex/generic/pgf/math/pgfmathfunctions.base.code.tex) (c:/texlive/2024/texmf-dist/tex/generic/pgf/math/pgfmathfunctions.round.code.tex) (c:/texlive/2024/texmf-dist/tex/generic/pgf/math/pgfmathfunctions.misc.code.tex) (c:/texlive/2024/texmf-dist/tex/generic/pgf/math/pgfmathfunctions.integerarithmetics.code.tex) (c:/texlive/2024/texmf-dist/tex/generic/pgf/math/pgfmathcalc.code.tex) (c:/texlive/2024/texmf-dist/tex/generic/pgf/math/pgfmathfloat.code.tex
\c@pgfmathroundto@lastzeros=\count273
)) (c:/texlive/2024/texmf-dist/tex/generic/pgf/math/pgfint.code.tex) (c:/texlive/2024/texmf-dist/tex/generic/pgf/basiclayer/pgfcorepoints.code.tex
File: pgfcorepoints.code.tex 2023-01-15 v3.1.10 (3.1.10)
\pgf@picminx=\dimen156
\pgf@picmaxx=\dimen157
\pgf@picminy=\dimen158
\pgf@picmaxy=\dimen159
\pgf@pathminx=\dimen160
\pgf@pathmaxx=\dimen161
\pgf@pathminy=\dimen162
\pgf@pathmaxy=\dimen163
\pgf@xx=\dimen164
\pgf@xy=\dimen165
\pgf@yx=\dimen166
\pgf@yy=\dimen167
\pgf@zx=\dimen168
\pgf@zy=\dimen169
) (c:/texlive/2024/texmf-dist/tex/generic/pgf/basiclayer/pgfcorepathconstruct.code.tex
File: pgfcorepathconstruct.code.tex 2023-01-15 v3.1.10 (3.1.10)
\pgf@path@lastx=\dimen170
\pgf@path@lasty=\dimen171
) (c:/texlive/2024/texmf-dist/tex/generic/pgf/basiclayer/pgfcorepathusage.code.tex
File: pgfcorepathusage.code.tex 2023-01-15 v3.1.10 (3.1.10)
\pgf@shorten@end@additional=\dimen172
\pgf@shorten@start@additional=\dimen173
) (c:/texlive/2024/texmf-dist/tex/generic/pgf/basiclayer/pgfcorescopes.code.tex
File: pgfcorescopes.code.tex 2023-01-15 v3.1.10 (3.1.10)
\pgfpic=\box53
\pgf@hbox=\box54
\pgf@layerbox@main=\box55
\pgf@picture@serial@count=\count274
) (c:/texlive/2024/texmf-dist/tex/generic/pgf/basiclayer/pgfcoregraphicstate.code.tex
File: pgfcoregraphicstate.code.tex 2023-01-15 v3.1.10 (3.1.10)
\pgflinewidth=\dimen174
) (c:/texlive/2024/texmf-dist/tex/generic/pgf/basiclayer/pgfcoretransformations.code.tex
File: pgfcoretransformations.code.tex 2023-01-15 v3.1.10 (3.1.10)
\pgf@pt@x=\dimen175
\pgf@pt@y=\dimen176
\pgf@pt@temp=\dimen177
) (c:/texlive/2024/texmf-dist/tex/generic/pgf/basiclayer/pgfcorequick.code.tex
File: pgfcorequick.code.tex 2023-01-15 v3.1.10 (3.1.10)
) (c:/texlive/2024/texmf-dist/tex/generic/pgf/basiclayer/pgfcoreobjects.code.tex
File: pgfcoreobjects.code.tex 2023-01-15 v3.1.10 (3.1.10)
) (c:/texlive/2024/texmf-dist/tex/generic/pgf/basiclayer/pgfcorepathprocessing.code.tex
File: pgfcorepathprocessing.code.tex 2023-01-15 v3.1.10 (3.1.10)
) (c:/texlive/2024/texmf-dist/tex/generic/pgf/basiclayer/pgfcorearrows.code.tex
File: pgfcorearrows.code.tex 2023-01-15 v3.1.10 (3.1.10)
\pgfarrowsep=\dimen178
) (c:/texlive/2024/texmf-dist/tex/generic/pgf/basiclayer/pgfcoreshade.code.tex
File: pgfcoreshade.code.tex 2023-01-15 v3.1.10 (3.1.10)
\pgf@max=\dimen179
\pgf@sys@shading@range@num=\count275
\pgf@shadingcount=\count276
) (c:/texlive/2024/texmf-dist/tex/generic/pgf/basiclayer/pgfcoreimage.code.tex
File: pgfcoreimage.code.tex 2023-01-15 v3.1.10 (3.1.10)
) (c:/texlive/2024/texmf-dist/tex/generic/pgf/basiclayer/pgfcoreexternal.code.tex
File: pgfcoreexternal.code.tex 2023-01-15 v3.1.10 (3.1.10)
\pgfexternal@startupbox=\box56
) (c:/texlive/2024/texmf-dist/tex/generic/pgf/basiclayer/pgfcorelayers.code.tex
File: pgfcorelayers.code.tex 2023-01-15 v3.1.10 (3.1.10)
) (c:/texlive/2024/texmf-dist/tex/generic/pgf/basiclayer/pgfcoretransparency.code.tex
File: pgfcoretransparency.code.tex 2023-01-15 v3.1.10 (3.1.10)
) (c:/texlive/2024/texmf-dist/tex/generic/pgf/basiclayer/pgfcorepatterns.code.tex
File: pgfcorepatterns.code.tex 2023-01-15 v3.1.10 (3.1.10)
) (c:/texlive/2024/texmf-dist/tex/generic/pgf/basiclayer/pgfcorerdf.code.tex
File: pgfcorerdf.code.tex 2023-01-15 v3.1.10 (3.1.10)
))) (c:/texlive/2024/texmf-dist/tex/generic/pgf/modules/pgfmoduleshapes.code.tex
File: pgfmoduleshapes.code.tex 2023-01-15 v3.1.10 (3.1.10)
\pgfnodeparttextbox=\box57
) (c:/texlive/2024/texmf-dist/tex/generic/pgf/modules/pgfmoduleplot.code.tex
File: pgfmoduleplot.code.tex 2023-01-15 v3.1.10 (3.1.10)
) (c:/texlive/2024/texmf-dist/tex/latex/pgf/compatibility/pgfcomp-version-0-65.sty
Package: pgfcomp-version-0-65 2023-01-15 v3.1.10 (3.1.10)
\pgf@nodesepstart=\dimen180
\pgf@nodesepend=\dimen181
) (c:/texlive/2024/texmf-dist/tex/latex/pgf/compatibility/pgfcomp-version-1-18.sty
Package: pgfcomp-version-1-18 2023-01-15 v3.1.10 (3.1.10)
)) (c:/texlive/2024/texmf-dist/tex/latex/pgf/utilities/pgffor.sty (c:/texlive/2024/texmf-dist/tex/latex/pgf/utilities/pgfkeys.sty (c:/texlive/2024/texmf-dist/tex/generic/pgf/utilities/pgfkeys.code.tex)) (c:/texlive/2024/texmf-dist/tex/latex/pgf/math/pgfmath.sty (c:/texlive/2024/texmf-dist/tex/generic/pgf/math/pgfmath.code.tex)) (c:/texlive/2024/texmf-dist/tex/generic/pgf/utilities/pgffor.code.tex
Package: pgffor 2023-01-15 v3.1.10 (3.1.10)
\pgffor@iter=\dimen182
\pgffor@skip=\dimen183
\pgffor@stack=\toks29
\pgffor@toks=\toks30
)) (c:/texlive/2024/texmf-dist/tex/generic/pgf/frontendlayer/tikz/tikz.code.tex
Package: tikz 2023-01-15 v3.1.10 (3.1.10)
 (c:/texlive/2024/texmf-dist/tex/generic/pgf/libraries/pgflibraryplothandlers.code.tex
File: pgflibraryplothandlers.code.tex 2023-01-15 v3.1.10 (3.1.10)
\pgf@plot@mark@count=\count277
\pgfplotmarksize=\dimen184
)
\tikz@lastx=\dimen185
\tikz@lasty=\dimen186
\tikz@lastxsaved=\dimen187
\tikz@lastysaved=\dimen188
\tikz@lastmovetox=\dimen189
\tikz@lastmovetoy=\dimen190
\tikzleveldistance=\dimen191
\tikzsiblingdistance=\dimen192
\tikz@figbox=\box58
\tikz@figbox@bg=\box59
\tikz@tempbox=\box60
\tikz@tempbox@bg=\box61
\tikztreelevel=\count278
\tikznumberofchildren=\count279
\tikznumberofcurrentchild=\count280
\tikz@fig@count=\count281
 (c:/texlive/2024/texmf-dist/tex/generic/pgf/modules/pgfmodulematrix.code.tex
File: pgfmodulematrix.code.tex 2023-01-15 v3.1.10 (3.1.10)
\pgfmatrixcurrentrow=\count282
\pgfmatrixcurrentcolumn=\count283
\pgf@matrix@numberofcolumns=\count284
)
\tikz@expandcount=\count285
 (c:/texlive/2024/texmf-dist/tex/generic/pgf/frontendlayer/tikz/libraries/tikzlibrarytopaths.code.tex
File: tikzlibrarytopaths.code.tex 2023-01-15 v3.1.10 (3.1.10)
)))
\sa@box=\box62
) (c:/texlive/2024/texmf-dist/tex/generic/pgf/frontendlayer/tikz/libraries/tikzlibraryshapes.code.tex
File: tikzlibraryshapes.code.tex 2023-01-15 v3.1.10 (3.1.10)
 (c:/texlive/2024/texmf-dist/tex/generic/pgf/frontendlayer/tikz/libraries/tikzlibraryshapes.geometric.code.tex
File: tikzlibraryshapes.geometric.code.tex 2023-01-15 v3.1.10 (3.1.10)
 (c:/texlive/2024/texmf-dist/tex/generic/pgf/libraries/shapes/pgflibraryshapes.geometric.code.tex
File: pgflibraryshapes.geometric.code.tex 2023-01-15 v3.1.10 (3.1.10)
)) (c:/texlive/2024/texmf-dist/tex/generic/pgf/frontendlayer/tikz/libraries/tikzlibraryshapes.misc.code.tex
File: tikzlibraryshapes.misc.code.tex 2023-01-15 v3.1.10 (3.1.10)
 (c:/texlive/2024/texmf-dist/tex/generic/pgf/libraries/shapes/pgflibraryshapes.misc.code.tex
File: pgflibraryshapes.misc.code.tex 2023-01-15 v3.1.10 (3.1.10)
)) (c:/texlive/2024/texmf-dist/tex/generic/pgf/frontendlayer/tikz/libraries/tikzlibraryshapes.symbols.code.tex
File: tikzlibraryshapes.symbols.code.tex 2023-01-15 v3.1.10 (3.1.10)
 (c:/texlive/2024/texmf-dist/tex/generic/pgf/libraries/shapes/pgflibraryshapes.symbols.code.tex
File: pgflibraryshapes.symbols.code.tex 2023-01-15 v3.1.10 (3.1.10)
)) (c:/texlive/2024/texmf-dist/tex/generic/pgf/frontendlayer/tikz/libraries/tikzlibraryshapes.arrows.code.tex
File: tikzlibraryshapes.arrows.code.tex 2023-01-15 v3.1.10 (3.1.10)
 (c:/texlive/2024/texmf-dist/tex/generic/pgf/libraries/shapes/pgflibraryshapes.arrows.code.tex
File: pgflibraryshapes.arrows.code.tex 2023-01-15 v3.1.10 (3.1.10)
)) (c:/texlive/2024/texmf-dist/tex/generic/pgf/frontendlayer/tikz/libraries/tikzlibraryshapes.callouts.code.tex (c:/texlive/2024/texmf-dist/tex/generic/pgf/libraries/shapes/pgflibraryshapes.callouts.code.tex)) (c:/texlive/2024/texmf-dist/tex/generic/pgf/frontendlayer/tikz/libraries/tikzlibraryshapes.multipart.code.tex
File: tikzlibraryshapes.multipart.code.tex 2023-01-15 v3.1.10 (3.1.10)
 (c:/texlive/2024/texmf-dist/tex/generic/pgf/libraries/shapes/pgflibraryshapes.multipart.code.tex
File: pgflibraryshapes.multipart.code.tex 2023-01-15 v3.1.10 (3.1.10)
\pgfnodepartlowerbox=\box63
\pgfnodeparttwobox=\box64
\pgfnodepartthreebox=\box65
\pgfnodepartfourbox=\box66
\pgfnodeparttwentybox=\box67
\pgfnodepartnineteenbox=\box68
\pgfnodeparteighteenbox=\box69
\pgfnodepartseventeenbox=\box70
\pgfnodepartsixteenbox=\box71
\pgfnodepartfifteenbox=\box72
\pgfnodepartfourteenbox=\box73
\pgfnodepartthirteenbox=\box74
\pgfnodeparttwelvebox=\box75
\pgfnodepartelevenbox=\box76
\pgfnodeparttenbox=\box77
\pgfnodepartninebox=\box78
\pgfnodeparteightbox=\box79
\pgfnodepartsevenbox=\box80
\pgfnodepartsixbox=\box81
\pgfnodepartfivebox=\box82
))) (c:/texlive/2024/texmf-dist/tex/generic/pgf/frontendlayer/tikz/libraries/tikzlibrarycalc.code.tex
File: tikzlibrarycalc.code.tex 2023-01-15 v3.1.10 (3.1.10)
) (c:/texlive/2024/texmf-dist/tex/latex/l3backend/l3backend-pdftex.def
File: l3backend-pdftex.def 2024-02-20 L3 backend support: PDF output (pdfTeX)
\l__color_backend_stack_int=\count286
\l__pdf_internal_box=\box83
)
No file lab6.aux.
\openout1 = `lab6.aux'.

LaTeX Font Info:    Checking defaults for OML/cmm/m/it on input line 4.
LaTeX Font Info:    ... okay on input line 4.
LaTeX Font Info:    Checking defaults for OMS/cmsy/m/n on input line 4.
LaTeX Font Info:    ... okay on input line 4.
LaTeX Font Info:    Checking defaults for OT1/cmr/m/n on input line 4.
LaTeX Font Info:    ... okay on input line 4.
LaTeX Font Info:    Checking defaults for T1/cmr/m/n on input line 4.
LaTeX Font Info:    ... okay on input line 4.
LaTeX Font Info:    Checking defaults for TS1/cmr/m/n on input line 4.
LaTeX Font Info:    ... okay on input line 4.
LaTeX Font Info:    Checking defaults for OMX/cmex/m/n on input line 4.
LaTeX Font Info:    ... okay on input line 4.
LaTeX Font Info:    Checking defaults for U/cmr/m/n on input line 4.
LaTeX Font Info:    ... okay on input line 4.
(c:/texlive/2024/texmf-dist/tex/context/base/mkii/supp-pdf.mkii
[Loading MPS to PDF converter (version 2006.09.02).]
\scratchcounter=\count287
\scratchdimen=\dimen193
\scratchbox=\box84
\nofMPsegments=\count288
\nofMParguments=\count289
\everyMPshowfont=\toks31
\MPscratchCnt=\count290
\MPscratchDim=\dimen194
\MPnumerator=\count291
\makeMPintoPDFobject=\count292
\everyMPtoPDFconversion=\toks32
) (c:/texlive/2024/texmf-dist/tex/latex/epstopdf-pkg/epstopdf-base.sty
Package: epstopdf-base 2020-01-24 v2.11 Base part for package epstopdf
Package epstopdf-base Info: Redefining graphics rule for `.eps' on input line 485.
 (c:/texlive/2024/texmf-dist/tex/latex/latexconfig/epstopdf-sys.cfg
File: epstopdf-sys.cfg 2010/07/13 v1.3 Configuration of (r)epstopdf for TeX Live
))
LaTeX Font Info:    External font `cmex10' loaded for size
(Font)              <7> on input line 55.
LaTeX Font Info:    External font `cmex10' loaded for size
(Font)              <5> on input line 55.


LaTeX Warning: Unexpected alignment lcm on input line 55.


Underfull \hbox (badness 10000) in paragraph at lines 55--55

 []


LaTeX Warning: Unexpected alignment lcm on input line 56.


Underfull \hbox (badness 10000) in paragraph at lines 56--56

 []


LaTeX Warning: Unexpected alignment lcm on input line 57.


Underfull \hbox (badness 10000) in paragraph at lines 57--57

 []


LaTeX Warning: Unexpected alignment lcm on input line 58.


Underfull \hbox (badness 10000) in paragraph at lines 58--58

 []


LaTeX Warning: Unexpected alignment lcm on input line 59.


Underfull \hbox (badness 10000) in paragraph at lines 59--59

 []


LaTeX Warning: Unexpected alignment lcm on input line 60.


Underfull \hbox (badness 10000) in paragraph at lines 60--60

 []


LaTeX Warning: Unexpected alignment lcm on input line 61.


Underfull \hbox (badness 10000) in paragraph at lines 61--61

 []


LaTeX Warning: Unexpected alignment lcm on input line 62.


Underfull \hbox (badness 10000) in paragraph at lines 62--62

 []


LaTeX Warning: Unexpected alignment lcm on input line 63.


Underfull \hbox (badness 10000) in paragraph at lines 63--63

 []


LaTeX Warning: Unexpected alignment lcm on input line 64.


Underfull \hbox (badness 10000) in paragraph at lines 64--64

 []


LaTeX Warning: Unexpected alignment lcm on input line 66.


Underfull \hbox (badness 10000) in paragraph at lines 66--66

 []


LaTeX Warning: Unexpected alignment lcm on input line 67.


Underfull \hbox (badness 10000) in paragraph at lines 67--67

 []


LaTeX Warning: Unexpected alignment lcm on input line 68.


Underfull \hbox (badness 10000) in paragraph at lines 68--68

 []


LaTeX Warning: Unexpected alignment lcm on input line 69.


Underfull \hbox (badness 10000) in paragraph at lines 69--69

 []


LaTeX Warning: Unexpected alignment lcm on input line 70.


Underfull \hbox (badness 10000) in paragraph at lines 70--70

 []


LaTeX Warning: Unexpected alignment lcm on input line 71.


Underfull \hbox (badness 10000) in paragraph at lines 71--71

 []


LaTeX Warning: Unexpected alignment lcm on input line 72.


Underfull \hbox (badness 10000) in paragraph at lines 72--72

 []


LaTeX Warning: Unexpected alignment lcm on input line 73.


Underfull \hbox (badness 10000) in paragraph at lines 73--73

 []


LaTeX Warning: Unexpected alignment lcm on input line 74.


Underfull \hbox (badness 10000) in paragraph at lines 74--74

 []


LaTeX Warning: Unexpected alignment lcm on input line 76.


Underfull \hbox (badness 10000) in paragraph at lines 76--76

 []


LaTeX Warning: Unexpected alignment lcm on input line 77.


Underfull \hbox (badness 10000) in paragraph at lines 77--77

 []


LaTeX Warning: Unexpected alignment lcm on input line 78.


Underfull \hbox (badness 10000) in paragraph at lines 78--78

 []


LaTeX Warning: Unexpected alignment lcm on input line 79.


Underfull \hbox (badness 10000) in paragraph at lines 79--79

 []


LaTeX Warning: Unexpected alignment lcm on input line 80.


Underfull \hbox (badness 10000) in paragraph at lines 80--80

 []


LaTeX Warning: Unexpected alignment lcm on input line 81.


Underfull \hbox (badness 10000) in paragraph at lines 81--81

 []


LaTeX Warning: Unexpected alignment lcm on input line 82.


Underfull \hbox (badness 10000) in paragraph at lines 82--82

 []


LaTeX Warning: Unexpected alignment lcm on input line 83.


Underfull \hbox (badness 10000) in paragraph at lines 83--83

 []


LaTeX Warning: Unexpected alignment lcm on input line 84.


Underfull \hbox (badness 10000) in paragraph at lines 84--84

 []


LaTeX Warning: Unexpected alignment lcm on input line 86.


Underfull \hbox (badness 10000) in paragraph at lines 86--86

 []


LaTeX Warning: Unexpected alignment lcm on input line 87.


Underfull \hbox (badness 10000) in paragraph at lines 87--87

 []


LaTeX Warning: Unexpected alignment lcm on input line 88.


Underfull \hbox (badness 10000) in paragraph at lines 88--88

 []


LaTeX Warning: Unexpected alignment lcm on input line 89.


Underfull \hbox (badness 10000) in paragraph at lines 89--89

 []


LaTeX Warning: Unexpected alignment lcm on input line 90.


Underfull \hbox (badness 10000) in paragraph at lines 90--90

 []


LaTeX Warning: Unexpected alignment lcm on input line 91.


Underfull \hbox (badness 10000) in paragraph at lines 91--91

 []


LaTeX Warning: Unexpected alignment lcm on input line 92.


Underfull \hbox (badness 10000) in paragraph at lines 92--92

 []


LaTeX Warning: Unexpected alignment lcm on input line 93.


Underfull \hbox (badness 10000) in paragraph at lines 93--93

 []


LaTeX Warning: Unexpected alignment lcm on input line 94.


Underfull \hbox (badness 10000) in paragraph at lines 94--94

 []


LaTeX Warning: Unexpected alignment lcm on input line 96.


Underfull \hbox (badness 10000) in paragraph at lines 96--96

 []


LaTeX Warning: Unexpected alignment lcm on input line 97.


Underfull \hbox (badness 10000) in paragraph at lines 97--97

 []


LaTeX Warning: Unexpected alignment lcm on input line 98.


Underfull \hbox (badness 10000) in paragraph at lines 98--98

 []


LaTeX Warning: Unexpected alignment lcm on input line 99.


Underfull \hbox (badness 10000) in paragraph at lines 99--99

 []


LaTeX Warning: Unexpected alignment lcm on input line 100.


Underfull \hbox (badness 10000) in paragraph at lines 100--100

 []


LaTeX Warning: Unexpected alignment lcm on input line 101.


Underfull \hbox (badness 10000) in paragraph at lines 101--101

 []


LaTeX Warning: Unexpected alignment lcm on input line 102.


Underfull \hbox (badness 10000) in paragraph at lines 102--102

 []


LaTeX Warning: Unexpected alignment lcm on input line 103.


Underfull \hbox (badness 10000) in paragraph at lines 103--103

 []


LaTeX Warning: Unexpected alignment lcm on input line 104.


Underfull \hbox (badness 10000) in paragraph at lines 104--104

 []


LaTeX Warning: Unexpected alignment lcm on input line 106.


Underfull \hbox (badness 10000) in paragraph at lines 106--106

 []


LaTeX Warning: Unexpected alignment lcm on input line 107.


Underfull \hbox (badness 10000) in paragraph at lines 107--107

 []


LaTeX Warning: Unexpected alignment lcm on input line 108.


Underfull \hbox (badness 10000) in paragraph at lines 108--108

 []


LaTeX Warning: Unexpected alignment lcm on input line 109.


Underfull \hbox (badness 10000) in paragraph at lines 109--109

 []


LaTeX Warning: Unexpected alignment lcm on input line 110.


Underfull \hbox (badness 10000) in paragraph at lines 110--110

 []


LaTeX Warning: Unexpected alignment lcm on input line 111.


Underfull \hbox (badness 10000) in paragraph at lines 111--111

 []


LaTeX Warning: Unexpected alignment lcm on input line 112.


Underfull \hbox (badness 10000) in paragraph at lines 112--112

 []


LaTeX Warning: Unexpected alignment lcm on input line 113.


Underfull \hbox (badness 10000) in paragraph at lines 113--113

 []


LaTeX Warning: Unexpected alignment lcm on input line 114.


Underfull \hbox (badness 10000) in paragraph at lines 114--114

 []


LaTeX Warning: Unexpected alignment lcm on input line 116.


Underfull \hbox (badness 10000) in paragraph at lines 116--116

 []


LaTeX Warning: Unexpected alignment lcm on input line 117.


Underfull \hbox (badness 10000) in paragraph at lines 117--117

 []


LaTeX Warning: Unexpected alignment lcm on input line 118.


Underfull \hbox (badness 10000) in paragraph at lines 118--118

 []


LaTeX Warning: Unexpected alignment lcm on input line 119.


Underfull \hbox (badness 10000) in paragraph at lines 119--119

 []


LaTeX Warning: Unexpected alignment lcm on input line 120.


Underfull \hbox (badness 10000) in paragraph at lines 120--120

 []


LaTeX Warning: Unexpected alignment lcm on input line 121.


Underfull \hbox (badness 10000) in paragraph at lines 121--121

 []


LaTeX Warning: Unexpected alignment lcm on input line 122.


Underfull \hbox (badness 10000) in paragraph at lines 122--122

 []


LaTeX Warning: Unexpected alignment lcm on input line 123.


Underfull \hbox (badness 10000) in paragraph at lines 123--123

 []


LaTeX Warning: Unexpected alignment lcm on input line 124.


Underfull \hbox (badness 10000) in paragraph at lines 124--124

 []


LaTeX Warning: Unexpected alignment lcm on input line 126.


Underfull \hbox (badness 10000) in paragraph at lines 126--126

 []


LaTeX Warning: Unexpected alignment lcm on input line 127.


Underfull \hbox (badness 10000) in paragraph at lines 127--127

 []


LaTeX Warning: Unexpected alignment lcm on input line 128.


Underfull \hbox (badness 10000) in paragraph at lines 128--128

 []


LaTeX Warning: Unexpected alignment lcm on input line 129.


Underfull \hbox (badness 10000) in paragraph at lines 129--129

 []


LaTeX Warning: Unexpected alignment lcm on input line 130.


Underfull \hbox (badness 10000) in paragraph at lines 130--130

 []


LaTeX Warning: Unexpected alignment lcm on input line 131.


Underfull \hbox (badness 10000) in paragraph at lines 131--131

 []


LaTeX Warning: Unexpected alignment lcm on input line 132.


Underfull \hbox (badness 10000) in paragraph at lines 132--132

 []


LaTeX Warning: Unexpected alignment lcm on input line 133.


Underfull \hbox (badness 10000) in paragraph at lines 133--133

 []


LaTeX Warning: Unexpected alignment lcm on input line 134.


Underfull \hbox (badness 10000) in paragraph at lines 134--134

 []


LaTeX Warning: Unexpected alignment lcm on input line 135.


Underfull \hbox (badness 10000) in paragraph at lines 135--135

 []


LaTeX Warning: Unexpected alignment lcm on input line 137.


Underfull \hbox (badness 10000) in paragraph at lines 137--137

 []


LaTeX Warning: Unexpected alignment lcm on input line 138.


Underfull \hbox (badness 10000) in paragraph at lines 138--138

 []


LaTeX Warning: Unexpected alignment lcm on input line 139.


Underfull \hbox (badness 10000) in paragraph at lines 139--139

 []


LaTeX Warning: Unexpected alignment lcm on input line 140.


Underfull \hbox (badness 10000) in paragraph at lines 140--140

 []


LaTeX Warning: Unexpected alignment lcm on input line 141.


Underfull \hbox (badness 10000) in paragraph at lines 141--141

 []


LaTeX Warning: Unexpected alignment lcm on input line 142.


Underfull \hbox (badness 10000) in paragraph at lines 142--142

 []


LaTeX Warning: Unexpected alignment lcm on input line 143.


Underfull \hbox (badness 10000) in paragraph at lines 143--143

 []


c:/Users/CHL/OneDrive/Desktop/inf/lab/lab6/lab6.tex:145: Package pgfkeys Error: I do not know the key '/tikz/right of H' and I am going to ignore it. Perhaps you misspelled it.

See the pgfkeys package documentation for explanation.
Type  H <return>  for immediate help.
 ...                                              
                                                  
l.145     \node[right of H]
                           (Периодическая система хим...
This error message was generated by an \errmessage
command, so I can't give any explicit help.
Pretend that you're Hercule Poirot: Examine all clues,
and deduce the truth by order and method.


c:/Users/CHL/OneDrive/Desktop/inf/lab/lab6/lab6.tex:146: Package tikz Error: A node must have a (possibly empty) label text.

See the tikz package documentation for explanation.
Type  H <return>  for immediate help.
 ...                                              
                                                  
l.146 \end
          {tikzpicture}
(That was another \errmessage.)


c:/Users/CHL/OneDrive/Desktop/inf/lab/lab6/lab6.tex:146: Package tikz Error: Giving up on this path. Did you forget a semicolon?.

See the tikz package documentation for explanation.
Type  H <return>  for immediate help.
 ...                                              
                                                  
l.146 \end{tikzpicture}
                       
(That was another \errmessage.)

[1

{c:/texlive/2024/texmf-var/fonts/map/pdftex/updmap/pdftex.map}] (./lab6.aux)
 ***********
LaTeX2e <2023-11-01> patch level 1
L3 programming layer <2024-02-20>
 ***********
 ) 
Here is how much of TeX's memory you used:
 14830 strings out of 474116
 320734 string characters out of 5747717
 2032190 words of memory out of 5000000
 36956 multiletter control sequences out of 15000+600000
 558962 words of font info for 39 fonts, out of 8000000 for 9000
 1141 hyphenation exceptions out of 8191
 117i,13n,121p,456b,737s stack positions out of 10000i,1000n,20000p,200000b,200000s
<c:/texlive/2024/texmf-dist/fonts/type1/public/amsfonts/cm/cmss10.pfb><c:/texlive/2024/texmf-dist/fonts/type1/public/amsfonts/cm/cmssbx10.pfb>
Output written on lab6.pdf (1 page, 33353 bytes).
PDF statistics:
 21 PDF objects out of 1000 (max. 8388607)
 13 compressed objects within 1 object stream
 0 named destinations out of 1000 (max. 500000)
 13 words of extra memory for PDF output out of 10000 (max. 10000000)

